Build started 2015-03-18 11:23:13 AM.
     1>Project "C:\Users\Samuel\Documents\S2\doomed-labyrinth-of-doom\doomed-labyrinth-of-doom.vcxproj" on node 2 (Rebuild target(s)).
     1>ClCompile:
         C:\Program Files (x86)\Microsoft Visual Studio 12.0\VC\bin\x86_amd64\CL.exe /c /I.\SFML\include /IC:\qt\qt5.4.1\5.4\msvc2013_64\include /IC:\qt\qt5.4.1\5.4\msvc2013_64\include\QtWidgets /IC:\qt\qt5.4.1\5.4\msvc2013_64\include\QtGui /IC:\qt\qt5.4.1\5.4\msvc2013_64\include\QtANGLE /IC:\qt\qt5.4.1\5.4\msvc2013_64\include\QtCore /Idebug /I"C:\qt\qt5.4.1\5.4\msvc2013_64\mkspecs\win32-msvc2013" /Zi /nologo /W3 /WX- /Od /D SFML_STATIC /D _WINDOWS /D UNICODE /D WIN32 /D WIN64 /D QT_WIDGETS_LIB /D QT_GUI_LIB /D QT_CORE_LIB /Gm- /EHsc /MDd /GS /fp:precise /Zc:wchar_t /Zc:forScope /GR /Fo"x64\Debug\\" /Fd"x64\Debug\vc120.pdb" /Gd /TP /errorReport:prompt -Zm200 -w34100 -w34189 game.cpp main.cpp maze.cpp
         game.cpp
         main.cpp
         maze.cpp
     1>maze.cpp(52): warning C4244: 'initializing' : conversion from 'double' to 'int', possible loss of data
     1>maze.cpp(53): warning C4244: 'initializing' : conversion from 'double' to 'int', possible loss of data
     1>maze.cpp(213): warning C4244: 'initializing' : conversion from 'double' to 'int', possible loss of data
     1>maze.cpp(214): warning C4244: 'initializing' : conversion from 'double' to 'int', possible loss of data
     1>maze.cpp(168): warning C4100: 'deltaTime' : unreferenced formal parameter
         Generating Code...
       Link:
         C:\Program Files (x86)\Microsoft Visual Studio 12.0\VC\bin\x86_amd64\link.exe /ERRORREPORT:PROMPT /OUT:"debug\\doomed-labyrinth-of-doom.exe" /NOLOGO /LIBPATH:C:\qt\qt5.4.1\5.4\msvc2013_64\lib /LIBPATH:C:\Qt\Qt5.4.1\5.4\msvc2013_64\lib /LIBPATH:C:\Qt\Qt5.4.1\5.4\msvc2013_64\lib /LIBPATH:.\SFML\lib C:\qt\qt5.4.1\5.4\msvc2013_64\lib\qtmaind.lib shell32.lib C:\Qt\Qt5.4.1\5.4\msvc2013_64\lib\Qt5Cored.lib "sfml-audio-d.lib" "sfml-graphics-d.lib" "sfml-main-d.lib" "sfml-network-d.lib" "sfml-window-d.lib" "sfml-system-d.lib" C:\qt\qt5.4.1\5.4\msvc2013_64\lib\Qt5Widgetsd.lib C:\qt\qt5.4.1\5.4\msvc2013_64\lib\Qt5Guid.lib C:\qt\qt5.4.1\5.4\msvc2013_64\lib\Qt5Cored.lib kernel32.lib user32.lib gdi32.lib winspool.lib comdlg32.lib advapi32.lib shell32.lib ole32.lib oleaut32.lib uuid.lib odbc32.lib odbccp32.lib /MANIFEST /MANIFESTUAC:"level='asInvoker' uiAccess='false'" /manifest:embed /DEBUG /PDB:"debug\doomed-labyrinth-of-doom.pdb" /SUBSYSTEM:WINDOWS /TLBID:1 /DYNAMICBASE /NXCOMPAT /MACHINE:X64 "/MANIFESTDEPENDENCY:type='win32' name='Microsoft.Windows.Common-Controls' version='6.0.0.0' publicKeyToken='6595b64144ccf1df' language='*' processorArchitecture='*'" x64\Debug\game.obj
         x64\Debug\main.obj
         x64\Debug\maze.obj
     1>game.obj : error LNK2001: unresolved external symbol "public: static class sf::Color const sf::Color::Cyan" (?Cyan@Color@sf@@2V12@B)
     1>game.obj : error LNK2001: unresolved external symbol "public: static class sf::RenderStates const sf::RenderStates::Default" (?Default@RenderStates@sf@@2V12@B)
     1>debug\\doomed-labyrinth-of-doom.exe : fatal error LNK1120: 2 unresolved externals
     1>Done Building Project "C:\Users\Samuel\Documents\S2\doomed-labyrinth-of-doom\doomed-labyrinth-of-doom.vcxproj" (Rebuild target(s)) -- FAILED.

Build FAILED.

Time Elapsed 00:00:02.17
